0 info it worked if it ends with ok
1 verbose cli [ '/usr/bin/nodejs',
1 verbose cli   '/usr/bin/npm',
1 verbose cli   'upgrade',
1 verbose cli   '--global',
1 verbose cli   'yarn' ]
2 info using npm@3.10.10
3 info using node@v6.11.1
4 silly mapToRegistry name yarn
5 silly mapToRegistry using default registry
6 silly mapToRegistry registry https://registry.npmjs.org/
7 silly mapToRegistry data Result {
7 silly mapToRegistry   raw: 'yarn',
7 silly mapToRegistry   scope: null,
7 silly mapToRegistry   escapedName: 'yarn',
7 silly mapToRegistry   name: 'yarn',
7 silly mapToRegistry   rawSpec: '',
7 silly mapToRegistry   spec: 'latest',
7 silly mapToRegistry   type: 'tag' }
8 silly mapToRegistry uri https://registry.npmjs.org/yarn
9 verbose request uri https://registry.npmjs.org/yarn
10 verbose request no auth needed
11 info attempt registry request try #1 at 3:29:19 AM
12 verbose request id 4bb4d17f2fd9ac7a
13 verbose etag "5ad353dd-35d60"
14 verbose lastModified Sun, 15 Apr 2018 13:30:05 GMT
15 http request GET https://registry.npmjs.org/yarn
16 http 304 https://registry.npmjs.org/yarn
17 verbose headers { date: 'Tue, 08 May 2018 03:29:20 GMT',
17 verbose headers   via: '1.1 varnish',
17 verbose headers   'cache-control': 'max-age=300',
17 verbose headers   etag: '"5ad353dd-35d60"',
17 verbose headers   age: '961',
17 verbose headers   connection: 'keep-alive',
17 verbose headers   'x-served-by': 'cache-nrt6130-NRT',
17 verbose headers   'x-cache': 'HIT',
17 verbose headers   'x-cache-hits': '1',
17 verbose headers   'x-timer': 'S1525750160.136521,VS0,VE0',
17 verbose headers   vary: 'Accept-Encoding, Accept' }
18 silly get cb [ 304,
18 silly get   { date: 'Tue, 08 May 2018 03:29:20 GMT',
18 silly get     via: '1.1 varnish',
18 silly get     'cache-control': 'max-age=300',
18 silly get     etag: '"5ad353dd-35d60"',
18 silly get     age: '961',
18 silly get     connection: 'keep-alive',
18 silly get     'x-served-by': 'cache-nrt6130-NRT',
18 silly get     'x-cache': 'HIT',
18 silly get     'x-cache-hits': '1',
18 silly get     'x-timer': 'S1525750160.136521,VS0,VE0',
18 silly get     vary: 'Accept-Encoding, Accept' } ]
19 verbose etag https://registry.npmjs.org/yarn from cache
20 verbose get saving yarn to /home/vagrant/.npm/registry.npmjs.org/yarn/.cache.json
21 verbose correctMkdir /home/vagrant/.npm correctMkdir not in flight; initializing
22 info outdated updating [ { dep:
22 info outdated      Node {
22 info outdated        id: 4,
22 info outdated        package: [Object],
22 info outdated        path: '/usr/lib/node_modules/yarn',
22 info outdated        realpath: '/usr/lib/node_modules/yarn',
22 info outdated        parent: [Object],
22 info outdated        isLink: false,
22 info outdated        children: [Object],
22 info outdated        error: null,
22 info outdated        loaded: false,
22 info outdated        requiredBy: [],
22 info outdated        requires: [Object],
22 info outdated        missingDeps: {},
22 info outdated        missingDevDeps: {},
22 info outdated        phantomChildren: {},
22 info outdated        location: '/yarn',
22 info outdated        userRequired: false,
22 info outdated        existing: false,
22 info outdated        isTop: false,
22 info outdated        resolved: [Object] },
22 info outdated     depname: 'yarn',
22 info outdated     current: '0.27.5',
22 info outdated     wanted: '1.6.0',
22 info outdated     latest: '1.6.0',
22 info outdated     req: 'latest',
22 info outdated     what: 'yarn@1.6.0' } ]
23 silly loadCurrentTree Starting
24 silly install loadCurrentTree
25 silly install readGlobalPackageData
26 silly fetchPackageMetaData yarn@1.6.0
27 silly fetchNamedPackageData yarn
28 silly mapToRegistry name yarn
29 silly mapToRegistry using default registry
30 silly mapToRegistry registry https://registry.npmjs.org/
31 silly mapToRegistry data Result {
31 silly mapToRegistry   raw: 'yarn',
31 silly mapToRegistry   scope: null,
31 silly mapToRegistry   escapedName: 'yarn',
31 silly mapToRegistry   name: 'yarn',
31 silly mapToRegistry   rawSpec: '',
31 silly mapToRegistry   spec: 'latest',
31 silly mapToRegistry   type: 'tag' }
32 silly mapToRegistry uri https://registry.npmjs.org/yarn
33 verbose get https://registry.npmjs.org/yarn not expired, no request
34 silly install normalizeTree
35 silly loadCurrentTree Finishing
36 silly loadIdealTree Starting
37 silly install loadIdealTree
38 silly cloneCurrentTree Starting
39 silly install cloneCurrentTreeToIdealTree
40 silly cloneCurrentTree Finishing
41 silly loadShrinkwrap Starting
42 silly install loadShrinkwrap
43 silly loadShrinkwrap Finishing
44 silly loadAllDepsIntoIdealTree Starting
45 silly install loadAllDepsIntoIdealTree
46 silly resolveWithNewModule yarn@1.6.0 checking installable status
47 silly cache add args [ 'yarn@1.6.0', null ]
48 verbose cache add spec yarn@1.6.0
49 silly cache add parsed spec Result {
49 silly cache add   raw: 'yarn@1.6.0',
49 silly cache add   scope: null,
49 silly cache add   escapedName: 'yarn',
49 silly cache add   name: 'yarn',
49 silly cache add   rawSpec: '1.6.0',
49 silly cache add   spec: '1.6.0',
49 silly cache add   type: 'version' }
50 silly addNamed yarn@1.6.0
51 verbose addNamed "1.6.0" is a plain semver version for yarn
52 silly mapToRegistry name yarn
53 silly mapToRegistry using default registry
54 silly mapToRegistry registry https://registry.npmjs.org/
55 silly mapToRegistry data Result {
55 silly mapToRegistry   raw: 'yarn',
55 silly mapToRegistry   scope: null,
55 silly mapToRegistry   escapedName: 'yarn',
55 silly mapToRegistry   name: 'yarn',
55 silly mapToRegistry   rawSpec: '',
55 silly mapToRegistry   spec: 'latest',
55 silly mapToRegistry   type: 'tag' }
56 silly mapToRegistry uri https://registry.npmjs.org/yarn
57 verbose addNameVersion registry:https://registry.npmjs.org/yarn not in flight; fetching
58 verbose get https://registry.npmjs.org/yarn not expired, no request
59 silly cache afterAdd yarn@1.6.0
60 verbose afterAdd /home/vagrant/.npm/yarn/1.6.0/package/package.json not in flight; writing
61 verbose correctMkdir /home/vagrant/.npm correctMkdir not in flight; initializing
62 verbose afterAdd /home/vagrant/.npm/yarn/1.6.0/package/package.json written
63 silly loadAllDepsIntoIdealTree Finishing
64 silly loadIdealTree Finishing
65 silly currentTree lib
65 silly currentTree └─┬ yarn@0.27.5
65 silly currentTree   ├── ajv@4.11.8
65 silly currentTree   ├── ansi-escapes@2.0.0
65 silly currentTree   ├── ansi-regex@2.1.1
65 silly currentTree   ├── ansi-styles@2.2.1
65 silly currentTree   ├── arr-diff@2.0.0
65 silly currentTree   ├── arr-flatten@1.1.0
65 silly currentTree   ├── array-find-index@1.0.2
65 silly currentTree   ├── array-unique@0.2.1
65 silly currentTree   ├── asn1@0.2.3
65 silly currentTree   ├── assert-plus@0.2.0
65 silly currentTree   ├── asynckit@0.4.0
65 silly currentTree   ├── aws-sign2@0.6.0
65 silly currentTree   ├── aws4@1.6.0
65 silly currentTree   ├── babel-runtime@6.23.0
65 silly currentTree   ├── balanced-match@1.0.0
65 silly currentTree   ├── bcrypt-pbkdf@1.0.1
65 silly currentTree   ├── bl@1.2.1
65 silly currentTree   ├── boom@2.10.1
65 silly currentTree   ├── brace-expansion@1.1.8
65 silly currentTree   ├── braces@1.8.5
65 silly currentTree   ├── browserify-zlib@0.1.4
65 silly currentTree   ├── builtin-modules@1.1.1
65 silly currentTree   ├── bytes@2.5.0
65 silly currentTree   ├── camelcase@4.1.0
65 silly currentTree   ├── caseless@0.12.0
65 silly currentTree   ├── chalk@1.1.3
65 silly currentTree   ├── chownr@1.0.1
65 silly currentTree   ├── ci-info@1.0.0
65 silly currentTree   ├── cli-cursor@2.1.0
65 silly currentTree   ├── cli-width@2.1.0
65 silly currentTree   ├── cmd-shim@2.0.2
65 silly currentTree   ├── co@4.6.0
65 silly currentTree   ├── color-convert@1.9.0
65 silly currentTree   ├── color-name@1.1.3
65 silly currentTree   ├── combined-stream@1.0.5
65 silly currentTree   ├── commander@2.11.0
65 silly currentTree   ├── concat-map@0.0.1
65 silly currentTree   ├── core-js@2.4.1
65 silly currentTree   ├── core-util-is@1.0.2
65 silly currentTree   ├── cryptiles@2.0.5
65 silly currentTree   ├── currently-unhandled@0.4.1
65 silly currentTree   ├─┬ dashdash@1.14.1
65 silly currentTree   │ └── assert-plus@1.0.0
65 silly currentTree   ├── death@1.1.0
65 silly currentTree   ├── debug@2.6.8
65 silly currentTree   ├── delayed-stream@1.0.0
65 silly currentTree   ├── detect-indent@5.0.0
65 silly currentTree   ├── duplexify@3.5.0
65 silly currentTree   ├── ecc-jsbn@0.1.1
65 silly currentTree   ├─┬ end-of-stream@1.0.0
65 silly currentTree   │ └── once@1.3.3
65 silly currentTree   ├── escape-string-regexp@1.0.5
65 silly currentTree   ├── expand-brackets@0.1.5
65 silly currentTree   ├── expand-range@1.8.2
65 silly currentTree   ├── extend@3.0.1
65 silly currentTree   ├── external-editor@2.0.4
65 silly currentTree   ├── extglob@0.3.2
65 silly currentTree   ├── extsprintf@1.0.2
65 silly currentTree   ├── figures@2.0.0
65 silly currentTree   ├── filename-regex@2.0.1
65 silly currentTree   ├── fill-range@2.2.3
65 silly currentTree   ├── for-in@1.0.2
65 silly currentTree   ├── for-own@0.1.5
65 silly currentTree   ├── forever-agent@0.6.1
65 silly currentTree   ├── form-data@2.1.4
65 silly currentTree   ├── fs.realpath@1.0.0
65 silly currentTree   ├─┬ getpass@0.1.7
65 silly currentTree   │ └── assert-plus@1.0.0
65 silly currentTree   ├── glob-base@0.3.0
65 silly currentTree   ├── glob-parent@2.0.0
65 silly currentTree   ├── glob@7.1.2
65 silly currentTree   ├── graceful-fs@4.1.11
65 silly currentTree   ├── gunzip-maybe@1.4.1
65 silly currentTree   ├── har-schema@1.0.5
65 silly currentTree   ├── har-validator@4.2.1
65 silly currentTree   ├── has-ansi@2.0.0
65 silly currentTree   ├── has-flag@2.0.0
65 silly currentTree   ├── hawk@3.1.3
65 silly currentTree   ├── hoek@2.16.3
65 silly currentTree   ├── http-signature@1.1.1
65 silly currentTree   ├── iconv-lite@0.4.18
65 silly currentTree   ├── inflight@1.0.6
65 silly currentTree   ├── inherits@2.0.3
65 silly currentTree   ├── ini@1.3.4
65 silly currentTree   ├─┬ inquirer@3.2.0
65 silly currentTree   │ ├── ansi-regex@3.0.0
65 silly currentTree   │ ├── ansi-styles@3.2.0
65 silly currentTree   │ ├── chalk@2.0.1
65 silly currentTree   │ ├── strip-ansi@4.0.0
65 silly currentTree   │ └── supports-color@4.2.1
65 silly currentTree   ├── invariant@2.2.2
65 silly currentTree   ├── is-buffer@1.1.5
65 silly currentTree   ├── is-builtin-module@1.0.0
65 silly currentTree   ├── is-ci@1.0.10
65 silly currentTree   ├── is-deflate@1.0.0
65 silly currentTree   ├── is-dotfile@1.0.3
65 silly currentTree   ├── is-equal-shallow@0.1.3
65 silly currentTree   ├── is-extendable@0.1.1
65 silly currentTree   ├── is-extglob@1.0.0
65 silly currentTree   ├── is-fullwidth-code-point@2.0.0
65 silly currentTree   ├── is-glob@2.0.1
65 silly currentTree   ├── is-gzip@1.0.0
65 silly currentTree   ├── is-number@2.1.0
65 silly currentTree   ├── is-posix-bracket@0.1.1
65 silly currentTree   ├── is-primitive@2.0.0
65 silly currentTree   ├── is-promise@2.1.0
65 silly currentTree   ├── is-typedarray@1.0.0
65 silly currentTree   ├── isarray@1.0.0
65 silly currentTree   ├── isobject@2.1.0
65 silly currentTree   ├── isstream@0.1.2
65 silly currentTree   ├── js-tokens@3.0.2
65 silly currentTree   ├── jsbn@0.1.1
65 silly currentTree   ├── jschardet@1.5.0
65 silly currentTree   ├── json-schema@0.2.3
65 silly currentTree   ├── json-stable-stringify@1.0.1
65 silly currentTree   ├── json-stringify-safe@5.0.1
65 silly currentTree   ├── jsonify@0.0.0
65 silly currentTree   ├─┬ jsprim@1.4.0
65 silly currentTree   │ └── assert-plus@1.0.0
65 silly currentTree   ├── kind-of@3.2.2
65 silly currentTree   ├── leven@2.1.0
65 silly currentTree   ├── lodash.toarray@4.4.0
65 silly currentTree   ├── lodash@4.17.4
65 silly currentTree   ├── loose-envify@1.3.1
65 silly currentTree   ├── loud-rejection@1.6.0
65 silly currentTree   ├── micromatch@2.3.11
65 silly currentTree   ├── mime-db@1.27.0
65 silly currentTree   ├── mime-types@2.1.15
65 silly currentTree   ├── mimic-fn@1.1.0
65 silly currentTree   ├── minimatch@3.0.4
65 silly currentTree   ├── minimist@0.0.8
65 silly currentTree   ├── mkdirp@0.5.1
65 silly currentTree   ├── ms@2.0.0
65 silly currentTree   ├── mute-stream@0.0.7
65 silly currentTree   ├── node-emoji@1.8.1
65 silly currentTree   ├── normalize-path@2.1.1
65 silly currentTree   ├── oauth-sign@0.8.2
65 silly currentTree   ├── object-path@0.11.4
65 silly currentTree   ├── object.omit@2.0.1
65 silly currentTree   ├── once@1.4.0
65 silly currentTree   ├── onetime@2.0.1
65 silly currentTree   ├── os-tmpdir@1.0.2
65 silly currentTree   ├── pako@0.2.9
65 silly currentTree   ├── parse-glob@3.0.4
65 silly currentTree   ├── path-is-absolute@1.0.1
65 silly currentTree   ├── peek-stream@1.1.2
65 silly currentTree   ├── performance-now@0.2.0
65 silly currentTree   ├── preserve@0.2.0
65 silly currentTree   ├── process-nextick-args@1.0.7
65 silly currentTree   ├── proper-lockfile@2.0.1
65 silly currentTree   ├─┬ pump@1.0.2
65 silly currentTree   │ └── end-of-stream@1.4.0
65 silly currentTree   ├── pumpify@1.3.5
65 silly currentTree   ├── punycode@1.4.1
65 silly currentTree   ├── qs@6.4.0
65 silly currentTree   ├─┬ randomatic@1.1.7
65 silly currentTree   │ ├─┬ is-number@3.0.0
65 silly currentTree   │ │ └── kind-of@3.2.2
65 silly currentTree   │ └── kind-of@4.0.0
65 silly currentTree   ├── read@1.0.7
65 silly currentTree   ├── readable-stream@2.3.3
65 silly currentTree   ├── regenerator-runtime@0.10.5
65 silly currentTree   ├── regex-cache@0.4.3
65 silly currentTree   ├── remove-trailing-separator@1.0.2
65 silly currentTree   ├── repeat-element@1.1.2
65 silly currentTree   ├── repeat-string@1.6.1
65 silly currentTree   ├── request-capture-har@1.2.2
65 silly currentTree   ├── request@2.81.0
65 silly currentTree   ├── restore-cursor@2.0.0
65 silly currentTree   ├── retry@0.10.1
65 silly currentTree   ├── rimraf@2.6.1
65 silly currentTree   ├── run-async@2.3.0
65 silly currentTree   ├── rx-lite-aggregates@4.0.8
65 silly currentTree   ├── rx-lite@4.0.8
65 silly currentTree   ├── safe-buffer@5.1.1
65 silly currentTree   ├── semver@5.3.0
65 silly currentTree   ├── signal-exit@3.0.2
65 silly currentTree   ├── sntp@1.0.9
65 silly currentTree   ├── spdx-correct@1.0.2
65 silly currentTree   ├── spdx-expression-parse@1.0.4
65 silly currentTree   ├── spdx-license-ids@1.2.2
65 silly currentTree   ├─┬ sshpk@1.13.1
65 silly currentTree   │ └── assert-plus@1.0.0
65 silly currentTree   ├── stream-shift@1.0.0
65 silly currentTree   ├── string_decoder@1.0.3
65 silly currentTree   ├─┬ string-width@2.1.1
65 silly currentTree   │ ├── ansi-regex@3.0.0
65 silly currentTree   │ └── strip-ansi@4.0.0
65 silly currentTree   ├── stringstream@0.0.5
65 silly currentTree   ├── strip-ansi@3.0.1
65 silly currentTree   ├── strip-bom@3.0.0
65 silly currentTree   ├── supports-color@2.0.0
65 silly currentTree   ├── tar-fs@1.15.3
65 silly currentTree   ├── tar-stream@1.5.4
65 silly currentTree   ├── through@2.3.8
65 silly currentTree   ├── through2@2.0.3
65 silly currentTree   ├── tmp@0.0.31
65 silly currentTree   ├── tough-cookie@2.3.2
65 silly currentTree   ├── tunnel-agent@0.6.0
65 silly currentTree   ├── tweetnacl@0.14.5
65 silly currentTree   ├── util-deprecate@1.0.2
65 silly currentTree   ├── uuid@3.1.0
65 silly currentTree   ├── v8-compile-cache@1.1.0
65 silly currentTree   ├── validate-npm-package-license@3.0.1
65 silly currentTree   ├── verror@1.3.6
65 silly currentTree   ├── wrappy@1.0.2
65 silly currentTree   └── xtend@4.0.1
66 silly idealTree lib
66 silly idealTree └── yarn@1.6.0
67 silly generateActionsToTake Starting
68 silly install generateActionsToTake
69 warn checkPermissions Missing write access to /usr/lib/node_modules/yarn/node_modules/ansi-escapes
70 warn checkPermissions Missing write access to /usr/lib/node_modules/yarn/node_modules/ansi-regex
71 warn checkPermissions Missing write access to /usr/lib/node_modules/yarn/node_modules/ansi-styles
72 warn checkPermissions Missing write access to /usr/lib/node_modules/yarn/node_modules/arr-flatten
73 warn checkPermissions Missing write access to /usr/lib/node_modules/yarn/node_modules/arr-diff
74 warn checkPermissions Missing write access to /usr/lib/node_modules/yarn/node_modules/array-find-index
75 warn checkPermissions Missing write access to /usr/lib/node_modules/yarn/node_modules/array-unique
76 warn checkPermissions Missing write access to /usr/lib/node_modules/yarn/node_modules/asn1
77 warn checkPermissions Missing write access to /usr/lib/node_modules/yarn/node_modules/assert-plus
78 warn checkPermissions Missing write access to /usr/lib/node_modules/yarn/node_modules/asynckit
79 warn checkPermissions Missing write access to /usr/lib/node_modules/yarn/node_modules/aws-sign2
80 warn checkPermissions Missing write access to /usr/lib/node_modules/yarn/node_modules/aws4
81 warn checkPermissions Missing write access to /usr/lib/node_modules/yarn/node_modules/balanced-match
82 warn checkPermissions Missing write access to /usr/lib/node_modules/yarn/node_modules/builtin-modules
83 warn checkPermissions Missing write access to /usr/lib/node_modules/yarn/node_modules/caseless
84 warn checkPermissions Missing write access to /usr/lib/node_modules/yarn/node_modules/chownr
85 warn checkPermissions Missing write access to /usr/lib/node_modules/yarn/node_modules/ci-info
86 warn checkPermissions Missing write access to /usr/lib/node_modules/yarn/node_modules/cli-width
87 warn checkPermissions Missing write access to /usr/lib/node_modules/yarn/node_modules/co
88 warn checkPermissions Missing write access to /usr/lib/node_modules/yarn/node_modules/color-name
89 warn checkPermissions Missing write access to /usr/lib/node_modules/yarn/node_modules/color-convert
90 warn checkPermissions Missing write access to /usr/lib/node_modules/yarn/node_modules/concat-map
91 warn checkPermissions Missing write access to /usr/lib/node_modules/yarn/node_modules/brace-expansion
92 warn checkPermissions Missing write access to /usr/lib/node_modules/yarn/node_modules/core-js
93 warn checkPermissions Missing write access to /usr/lib/node_modules/yarn/node_modules/core-util-is
94 warn checkPermissions Missing write access to /usr/lib/node_modules/yarn/node_modules/currently-unhandled
95 warn checkPermissions Missing write access to /usr/lib/node_modules/yarn/node_modules/dashdash/node_modules/assert-plus
96 warn checkPermissions Missing write access to /usr/lib/node_modules/yarn/node_modules/dashdash
97 warn checkPermissions Missing write access to /usr/lib/node_modules/yarn/node_modules/delayed-stream
98 warn checkPermissions Missing write access to /usr/lib/node_modules/yarn/node_modules/combined-stream
99 warn checkPermissions Missing write access to /usr/lib/node_modules/yarn/node_modules/escape-string-regexp
100 warn checkPermissions Missing write access to /usr/lib/node_modules/yarn/node_modules/extend
101 warn checkPermissions Missing write access to /usr/lib/node_modules/yarn/node_modules/extsprintf
102 warn checkPermissions Missing write access to /usr/lib/node_modules/yarn/node_modules/figures
103 warn checkPermissions Missing write access to /usr/lib/node_modules/yarn/node_modules/filename-regex
104 warn checkPermissions Missing write access to /usr/lib/node_modules/yarn/node_modules/for-in
105 warn checkPermissions Missing write access to /usr/lib/node_modules/yarn/node_modules/for-own
106 warn checkPermissions Missing write access to /usr/lib/node_modules/yarn/node_modules/forever-agent
107 warn checkPermissions Missing write access to /usr/lib/node_modules/yarn/node_modules/fs.realpath
108 warn checkPermissions Missing write access to /usr/lib/node_modules/yarn/node_modules/getpass/node_modules/assert-plus
109 warn checkPermissions Missing write access to /usr/lib/node_modules/yarn/node_modules/getpass
110 warn checkPermissions Missing write access to /usr/lib/node_modules/yarn/node_modules/graceful-fs
111 warn checkPermissions Missing write access to /usr/lib/node_modules/yarn/node_modules/har-schema
112 warn checkPermissions Missing write access to /usr/lib/node_modules/yarn/node_modules/has-ansi
113 warn checkPermissions Missing write access to /usr/lib/node_modules/yarn/node_modules/has-flag
114 warn checkPermissions Missing write access to /usr/lib/node_modules/yarn/node_modules/hoek
115 warn checkPermissions Missing write access to /usr/lib/node_modules/yarn/node_modules/boom
116 warn checkPermissions Missing write access to /usr/lib/node_modules/yarn/node_modules/cryptiles
117 warn checkPermissions Missing write access to /usr/lib/node_modules/yarn/node_modules/iconv-lite
118 warn checkPermissions Missing write access to /usr/lib/node_modules/yarn/node_modules/inherits
119 warn checkPermissions Missing write access to /usr/lib/node_modules/yarn/node_modules/inquirer/node_modules/ansi-regex
120 warn checkPermissions Missing write access to /usr/lib/node_modules/yarn/node_modules/inquirer/node_modules/ansi-styles
121 warn checkPermissions Missing write access to /usr/lib/node_modules/yarn/node_modules/inquirer/node_modules/strip-ansi
122 warn checkPermissions Missing write access to /usr/lib/node_modules/yarn/node_modules/inquirer/node_modules/supports-color
123 warn checkPermissions Missing write access to /usr/lib/node_modules/yarn/node_modules/inquirer/node_modules/chalk
124 warn checkPermissions Missing write access to /usr/lib/node_modules/yarn/node_modules/is-buffer
125 warn checkPermissions Missing write access to /usr/lib/node_modules/yarn/node_modules/is-deflate
126 warn checkPermissions Missing write access to /usr/lib/node_modules/yarn/node_modules/is-dotfile
127 warn checkPermissions Missing write access to /usr/lib/node_modules/yarn/node_modules/is-extendable
128 warn checkPermissions Missing write access to /usr/lib/node_modules/yarn/node_modules/is-extglob
129 warn checkPermissions Missing write access to /usr/lib/node_modules/yarn/node_modules/extglob
130 warn checkPermissions Missing write access to /usr/lib/node_modules/yarn/node_modules/is-fullwidth-code-point
131 warn checkPermissions Missing write access to /usr/lib/node_modules/yarn/node_modules/is-glob
132 warn checkPermissions Missing write access to /usr/lib/node_modules/yarn/node_modules/glob-parent
133 warn checkPermissions Missing write access to /usr/lib/node_modules/yarn/node_modules/glob-base
134 warn checkPermissions Missing write access to /usr/lib/node_modules/yarn/node_modules/is-gzip
135 warn checkPermissions Missing write access to /usr/lib/node_modules/yarn/node_modules/is-posix-bracket
136 warn checkPermissions Missing write access to /usr/lib/node_modules/yarn/node_modules/expand-brackets
137 warn checkPermissions Missing write access to /usr/lib/node_modules/yarn/node_modules/is-primitive
138 warn checkPermissions Missing write access to /usr/lib/node_modules/yarn/node_modules/is-equal-shallow
139 warn checkPermissions Missing write access to /usr/lib/node_modules/yarn/node_modules/is-promise
140 warn checkPermissions Missing write access to /usr/lib/node_modules/yarn/node_modules/is-typedarray
141 warn checkPermissions Missing write access to /usr/lib/node_modules/yarn/node_modules/isarray
142 warn checkPermissions Missing write access to /usr/lib/node_modules/yarn/node_modules/isobject
143 warn checkPermissions Missing write access to /usr/lib/node_modules/yarn/node_modules/isstream
144 warn checkPermissions Missing write access to /usr/lib/node_modules/yarn/node_modules/js-tokens
145 warn checkPermissions Missing write access to /usr/lib/node_modules/yarn/node_modules/jsbn
146 warn checkPermissions Missing write access to /usr/lib/node_modules/yarn/node_modules/ecc-jsbn
147 warn checkPermissions Missing write access to /usr/lib/node_modules/yarn/node_modules/jschardet
148 warn checkPermissions Missing write access to /usr/lib/node_modules/yarn/node_modules/json-schema
149 warn checkPermissions Missing write access to /usr/lib/node_modules/yarn/node_modules/json-stringify-safe
150 warn checkPermissions Missing write access to /usr/lib/node_modules/yarn/node_modules/jsonify
151 warn checkPermissions Missing write access to /usr/lib/node_modules/yarn/node_modules/json-stable-stringify
152 warn checkPermissions Missing write access to /usr/lib/node_modules/yarn/node_modules/ajv
153 warn checkPermissions Missing write access to /usr/lib/node_modules/yarn/node_modules/har-validator
154 warn checkPermissions Missing write access to /usr/lib/node_modules/yarn/node_modules/jsprim/node_modules/assert-plus
155 warn checkPermissions Missing write access to /usr/lib/node_modules/yarn/node_modules/kind-of
156 warn checkPermissions Missing write access to /usr/lib/node_modules/yarn/node_modules/is-number
157 warn checkPermissions Missing write access to /usr/lib/node_modules/yarn/node_modules/lodash
158 warn checkPermissions Missing write access to /usr/lib/node_modules/yarn/node_modules/lodash.toarray
159 warn checkPermissions Missing write access to /usr/lib/node_modules/yarn/node_modules/loose-envify
160 warn checkPermissions Missing write access to /usr/lib/node_modules/yarn/node_modules/mime-db
161 warn checkPermissions Missing write access to /usr/lib/node_modules/yarn/node_modules/mime-types
162 warn checkPermissions Missing write access to /usr/lib/node_modules/yarn/node_modules/form-data
163 warn checkPermissions Missing write access to /usr/lib/node_modules/yarn/node_modules/mimic-fn
164 warn checkPermissions Missing write access to /usr/lib/node_modules/yarn/node_modules/minimatch
165 warn checkPermissions Missing write access to /usr/lib/node_modules/yarn/node_modules/minimist
166 warn checkPermissions Missing write access to /usr/lib/node_modules/yarn/node_modules/mkdirp
167 warn checkPermissions Missing write access to /usr/lib/node_modules/yarn/node_modules/ms
168 warn checkPermissions Missing write access to /usr/lib/node_modules/yarn/node_modules/mute-stream
169 warn checkPermissions Missing write access to /usr/lib/node_modules/yarn/node_modules/oauth-sign
170 warn checkPermissions Missing write access to /usr/lib/node_modules/yarn/node_modules/object.omit
171 warn checkPermissions Missing write access to /usr/lib/node_modules/yarn/node_modules/onetime
172 warn checkPermissions Missing write access to /usr/lib/node_modules/yarn/node_modules/os-tmpdir
173 warn checkPermissions Missing write access to /usr/lib/node_modules/yarn/node_modules/pako
174 warn checkPermissions Missing write access to /usr/lib/node_modules/yarn/node_modules/browserify-zlib
175 warn checkPermissions Missing write access to /usr/lib/node_modules/yarn/node_modules/parse-glob
176 warn checkPermissions Missing write access to /usr/lib/node_modules/yarn/node_modules/path-is-absolute
177 warn checkPermissions Missing write access to /usr/lib/node_modules/yarn/node_modules/performance-now
178 warn checkPermissions Missing write access to /usr/lib/node_modules/yarn/node_modules/preserve
179 warn checkPermissions Missing write access to /usr/lib/node_modules/yarn/node_modules/process-nextick-args
180 warn checkPermissions Missing write access to /usr/lib/node_modules/yarn/node_modules/punycode
181 warn checkPermissions Missing write access to /usr/lib/node_modules/yarn/node_modules/qs
182 warn checkPermissions Missing write access to /usr/lib/node_modules/yarn/node_modules/randomatic/node_modules/is-number/node_modules/kind-of
183 warn checkPermissions Missing write access to /usr/lib/node_modules/yarn/node_modules/randomatic/node_modules/is-number
184 warn checkPermissions Missing write access to /usr/lib/node_modules/yarn/node_modules/randomatic/node_modules/kind-of
185 warn checkPermissions Missing write access to /usr/lib/node_modules/yarn/node_modules/randomatic
186 warn checkPermissions Missing write access to /usr/lib/node_modules/yarn/node_modules/regenerator-runtime
187 warn checkPermissions Missing write access to /usr/lib/node_modules/yarn/node_modules/regex-cache
188 warn checkPermissions Missing write access to /usr/lib/node_modules/yarn/node_modules/remove-trailing-separator
189 warn checkPermissions Missing write access to /usr/lib/node_modules/yarn/node_modules/normalize-path
190 warn checkPermissions Missing write access to /usr/lib/node_modules/yarn/node_modules/repeat-element
191 warn checkPermissions Missing write access to /usr/lib/node_modules/yarn/node_modules/repeat-string
192 warn checkPermissions Missing write access to /usr/lib/node_modules/yarn/node_modules/fill-range
193 warn checkPermissions Missing write access to /usr/lib/node_modules/yarn/node_modules/expand-range
194 warn checkPermissions Missing write access to /usr/lib/node_modules/yarn/node_modules/braces
195 warn checkPermissions Missing write access to /usr/lib/node_modules/yarn/node_modules/retry
196 warn checkPermissions Missing write access to /usr/lib/node_modules/yarn/node_modules/run-async
197 warn checkPermissions Missing write access to /usr/lib/node_modules/yarn/node_modules/rx-lite
198 warn checkPermissions Missing write access to /usr/lib/node_modules/yarn/node_modules/rx-lite-aggregates
199 warn checkPermissions Missing write access to /usr/lib/node_modules/yarn/node_modules/safe-buffer
200 warn checkPermissions Missing write access to /usr/lib/node_modules/yarn/node_modules/signal-exit
201 warn checkPermissions Missing write access to /usr/lib/node_modules/yarn/node_modules/restore-cursor
202 warn checkPermissions Missing write access to /usr/lib/node_modules/yarn/node_modules/cli-cursor
203 warn checkPermissions Missing write access to /usr/lib/node_modules/yarn/node_modules/sntp
204 warn checkPermissions Missing write access to /usr/lib/node_modules/yarn/node_modules/hawk
205 warn checkPermissions Missing write access to /usr/lib/node_modules/yarn/node_modules/spdx-expression-parse
206 warn checkPermissions Missing write access to /usr/lib/node_modules/yarn/node_modules/spdx-license-ids
207 warn checkPermissions Missing write access to /usr/lib/node_modules/yarn/node_modules/spdx-correct
208 warn checkPermissions Missing write access to /usr/lib/node_modules/yarn/node_modules/sshpk/node_modules/assert-plus
209 warn checkPermissions Missing write access to /usr/lib/node_modules/yarn/node_modules/stream-shift
210 warn checkPermissions Missing write access to /usr/lib/node_modules/yarn/node_modules/string_decoder
211 warn checkPermissions Missing write access to /usr/lib/node_modules/yarn/node_modules/string-width/node_modules/ansi-regex
212 warn checkPermissions Missing write access to /usr/lib/node_modules/yarn/node_modules/string-width/node_modules/strip-ansi
213 warn checkPermissions Missing write access to /usr/lib/node_modules/yarn/node_modules/string-width
214 warn checkPermissions Missing write access to /usr/lib/node_modules/yarn/node_modules/stringstream
215 warn checkPermissions Missing write access to /usr/lib/node_modules/yarn/node_modules/strip-ansi
216 warn checkPermissions Missing write access to /usr/lib/node_modules/yarn/node_modules/supports-color
217 warn checkPermissions Missing write access to /usr/lib/node_modules/yarn/node_modules/through
218 warn checkPermissions Missing write access to /usr/lib/node_modules/yarn/node_modules/tmp
219 warn checkPermissions Missing write access to /usr/lib/node_modules/yarn/node_modules/external-editor
220 warn checkPermissions Missing write access to /usr/lib/node_modules/yarn/node_modules/tough-cookie
221 warn checkPermissions Missing write access to /usr/lib/node_modules/yarn/node_modules/tunnel-agent
222 warn checkPermissions Missing write access to /usr/lib/node_modules/yarn/node_modules/tweetnacl
223 warn checkPermissions Missing write access to /usr/lib/node_modules/yarn/node_modules/bcrypt-pbkdf
224 warn checkPermissions Missing write access to /usr/lib/node_modules/yarn/node_modules/sshpk
225 warn checkPermissions Missing write access to /usr/lib/node_modules/yarn/node_modules/util-deprecate
226 warn checkPermissions Missing write access to /usr/lib/node_modules/yarn/node_modules/readable-stream
227 warn checkPermissions Missing write access to /usr/lib/node_modules/yarn/node_modules/bl
228 warn checkPermissions Missing write access to /usr/lib/node_modules/yarn/node_modules/uuid
229 warn checkPermissions Missing write access to /usr/lib/node_modules/yarn/node_modules/verror
230 warn checkPermissions Missing write access to /usr/lib/node_modules/yarn/node_modules/jsprim
231 warn checkPermissions Missing write access to /usr/lib/node_modules/yarn/node_modules/http-signature
232 warn checkPermissions Missing write access to /usr/lib/node_modules/yarn/node_modules/wrappy
233 warn checkPermissions Missing write access to /usr/lib/node_modules/yarn/node_modules/end-of-stream/node_modules/once
234 warn checkPermissions Missing write access to /usr/lib/node_modules/yarn/node_modules/end-of-stream
235 warn checkPermissions Missing write access to /usr/lib/node_modules/yarn/node_modules/duplexify
236 warn checkPermissions Missing write access to /usr/lib/node_modules/yarn/node_modules/once
237 warn checkPermissions Missing write access to /usr/lib/node_modules/yarn/node_modules/inflight
238 warn checkPermissions Missing write access to /usr/lib/node_modules/yarn/node_modules/glob
239 warn checkPermissions Missing write access to /usr/lib/node_modules/yarn/node_modules/pump/node_modules/end-of-stream
240 warn checkPermissions Missing write access to /usr/lib/node_modules/yarn/node_modules/pump
241 warn checkPermissions Missing write access to /usr/lib/node_modules/yarn/node_modules/pumpify
242 warn checkPermissions Missing write access to /usr/lib/node_modules/yarn/node_modules/xtend
243 warn checkPermissions Missing write access to /usr/lib/node_modules/yarn/node_modules/tar-stream
244 warn checkPermissions Missing write access to /usr/lib/node_modules/yarn/node_modules/through2
245 warn checkPermissions Missing write access to /usr/lib/node_modules/yarn/node_modules/peek-stream
246 warn checkPermissions Missing write access to /usr/lib/node_modules/yarn/node_modules/babel-runtime
247 warn checkPermissions Missing write access to /usr/lib/node_modules/yarn/node_modules/bytes
248 warn checkPermissions Missing write access to /usr/lib/node_modules/yarn/node_modules/camelcase
249 warn checkPermissions Missing write access to /usr/lib/node_modules/yarn/node_modules/chalk
250 warn checkPermissions Missing write access to /usr/lib/node_modules/yarn/node_modules/cmd-shim
251 warn checkPermissions Missing write access to /usr/lib/node_modules/yarn/node_modules/commander
252 warn checkPermissions Missing write access to /usr/lib/node_modules/yarn/node_modules/death
253 warn checkPermissions Missing write access to /usr/lib/node_modules/yarn/node_modules/debug
254 warn checkPermissions Missing write access to /usr/lib/node_modules/yarn/node_modules/detect-indent
255 warn checkPermissions Missing write access to /usr/lib/node_modules/yarn/node_modules/gunzip-maybe
256 warn checkPermissions Missing write access to /usr/lib/node_modules/yarn/node_modules/ini
257 warn checkPermissions Missing write access to /usr/lib/node_modules/yarn/node_modules/inquirer
258 warn checkPermissions Missing write access to /usr/lib/node_modules/yarn/node_modules/invariant
259 warn checkPermissions Missing write access to /usr/lib/node_modules/yarn/node_modules/is-builtin-module
260 warn checkPermissions Missing write access to /usr/lib/node_modules/yarn/node_modules/is-ci
261 warn checkPermissions Missing write access to /usr/lib/node_modules/yarn/node_modules/leven
262 warn checkPermissions Missing write access to /usr/lib/node_modules/yarn/node_modules/loud-rejection
263 warn checkPermissions Missing write access to /usr/lib/node_modules/yarn/node_modules/micromatch
264 warn checkPermissions Missing write access to /usr/lib/node_modules/yarn/node_modules/node-emoji
265 warn checkPermissions Missing write access to /usr/lib/node_modules/yarn/node_modules/object-path
266 warn checkPermissions Missing write access to /usr/lib/node_modules/yarn/node_modules/proper-lockfile
267 warn checkPermissions Missing write access to /usr/lib/node_modules/yarn/node_modules/read
268 warn checkPermissions Missing write access to /usr/lib/node_modules/yarn/node_modules/request
269 warn checkPermissions Missing write access to /usr/lib/node_modules/yarn/node_modules/request-capture-har
270 warn checkPermissions Missing write access to /usr/lib/node_modules/yarn/node_modules/rimraf
271 warn checkPermissions Missing write access to /usr/lib/node_modules/yarn/node_modules/semver
272 warn checkPermissions Missing write access to /usr/lib/node_modules/yarn/node_modules/strip-bom
273 warn checkPermissions Missing write access to /usr/lib/node_modules/yarn/node_modules/tar-fs
274 warn checkPermissions Missing write access to /usr/lib/node_modules/yarn/node_modules/v8-compile-cache
275 warn checkPermissions Missing write access to /usr/lib/node_modules/yarn/node_modules/validate-npm-package-license
276 warn checkPermissions Missing write access to /usr/lib/node_modules/yarn
277 warn checkPermissions Missing write access to /usr/lib/node_modules/yarn/node_modules
278 warn checkPermissions Missing write access to /usr/lib/node_modules/yarn/node_modules/dashdash/node_modules
279 warn checkPermissions Missing write access to /usr/lib/node_modules/yarn/node_modules/getpass/node_modules
280 warn checkPermissions Missing write access to /usr/lib/node_modules/yarn/node_modules/inquirer/node_modules
281 warn checkPermissions Missing write access to /usr/lib/node_modules/yarn/node_modules/jsprim/node_modules
282 warn checkPermissions Missing write access to /usr/lib/node_modules/yarn/node_modules/randomatic/node_modules/is-number/node_modules
283 warn checkPermissions Missing write access to /usr/lib/node_modules/yarn/node_modules/randomatic/node_modules
284 warn checkPermissions Missing write access to /usr/lib/node_modules/yarn/node_modules/sshpk/node_modules
285 warn checkPermissions Missing write access to /usr/lib/node_modules/yarn/node_modules/string-width/node_modules
286 warn checkPermissions Missing write access to /usr/lib/node_modules/yarn/node_modules/end-of-stream/node_modules
287 warn checkPermissions Missing write access to /usr/lib/node_modules/yarn/node_modules/pump/node_modules
288 warn checkPermissions Missing write access to /usr/lib/node_modules
289 silly rollbackFailedOptional Starting
290 silly rollbackFailedOptional Finishing
291 silly runTopLevelLifecycles Finishing
292 silly install printInstalled
293 verbose stack Error: EACCES: permission denied, access '/usr/lib/node_modules/yarn/node_modules/ansi-escapes'
293 verbose stack     at Error (native)
294 verbose cwd /home/vagrant/Code/larabbs-weapp
295 error Linux 4.4.0-81-generic
296 error argv "/usr/bin/nodejs" "/usr/bin/npm" "upgrade" "--global" "yarn"
297 error node v6.11.1
298 error npm  v3.10.10
299 error path /usr/lib/node_modules/yarn/node_modules/ansi-escapes
300 error code EACCES
301 error errno -13
302 error syscall access
303 error Error: EACCES: permission denied, access '/usr/lib/node_modules/yarn/node_modules/ansi-escapes'
303 error     at Error (native)
303 error  { Error: EACCES: permission denied, access '/usr/lib/node_modules/yarn/node_modules/ansi-escapes'
303 error     at Error (native)
303 error   errno: -13,
303 error   code: 'EACCES',
303 error   syscall: 'access',
303 error   path: '/usr/lib/node_modules/yarn/node_modules/ansi-escapes' }
304 error Please try running this command again as root/Administrator.
305 verbose exit [ -13, true ]
